<?xml version="1.0" encoding="UTF-8"?>
<testng-results skipped="2" failed="1" ignored="0" total="9" passed="6">
  <reporter-output>
    <line>
      <![CDATA[INFO  ScreenShot - Delete all files from folder D:\projects\automationTestingFramework\test-output\html\screenshots<br>]]>
    </line>
    <line>
      <![CDATA[INFO  AllTests - Start 'loginTest'<br>]]>
    </line>
    <line>
      <![CDATA[INFO  AllTests - Finish 'loginTest'<br>]]>
    </line>
    <line>
      <![CDATA[INFO  AllTests - Start 'testNewMessageCreation'<br>]]>
    </line>
    <line>
      <![CDATA[INFO  AllTests - Finish 'testNewMessageCreation'<br>]]>
    </line>
    <line>
      <![CDATA[INFO  ScreenShot - <a href='screenshots/screenshot2678802976009992537.png'>See screenshot</a><br>]]>
    </line>
    <line>
      <![CDATA[INFO  ScreenShot - <a href='screenshots/screenshot1696348108968681332.png'>See screenshot</a><br>]]>
    </line>
  </reporter-output>
  <suite name="test suite" duration-ms="50008" started-at="2017-09-05T06:15:45Z" finished-at="2017-09-05T06:16:35Z">
    <groups>
    </groups>
    <test name="test" duration-ms="50008" started-at="2017-09-05T06:15:45Z" finished-at="2017-09-05T06:16:35Z">
      <class name="test.AllTests">
        <test-method status="PASS" signature="openBrowser()[pri:0, instance:test.AllTests@3b9d15c4]" name="openBrowser" is-config="true" duration-ms="3754" started-at="2017-09-05T10:15:45Z" finished-at="2017-09-05T10:15:49Z">
          <reporter-output>
            <line>
              <![CDATA[INFO  ScreenShot - Delete all files from folder D:\projects\automationTestingFramework\test-output\html\screenshots<br>]]>
            </line>
          </reporter-output>
        </test-method> <!-- openBrowser -->
        <test-method status="PASS" signature="loginTest()[pri:0, instance:test.AllTests@3b9d15c4]" name="loginTest" duration-ms="14328" started-at="2017-09-05T10:15:49Z" finished-at="2017-09-05T10:16:04Z">
          <reporter-output>
            <line>
              <![CDATA[INFO  AllTests - Start 'loginTest'<br>]]>
            </line>
            <line>
              <![CDATA[INFO  AllTests - Finish 'loginTest'<br>]]>
            </line>
          </reporter-output>
        </test-method> <!-- loginTest -->
        <test-method status="PASS" signature="testNewMessageCreation()[pri:0, instance:test.AllTests@3b9d15c4]" name="testNewMessageCreation" duration-ms="11017" started-at="2017-09-05T10:16:04Z" depends-on-methods="test.AllTests.loginTest" finished-at="2017-09-05T10:16:15Z">
          <reporter-output>
            <line>
              <![CDATA[INFO  AllTests - Start 'testNewMessageCreation'<br>]]>
            </line>
            <line>
              <![CDATA[INFO  AllTests - Finish 'testNewMessageCreation'<br>]]>
            </line>
          </reporter-output>
        </test-method> <!-- testNewMessageCreation -->
        <test-method status="PASS" signature="saveDraftTest()[pri:0, instance:test.AllTests@3b9d15c4]" name="saveDraftTest" duration-ms="1819" started-at="2017-09-05T10:16:15Z" depends-on-methods="test.AllTests.testNewMessageCreation" finished-at="2017-09-05T10:16:16Z">
          <reporter-output>
          </reporter-output>
        </test-method> <!-- saveDraftTest -->
        <test-method status="PASS" signature="goToDraftsTest()[pri:0, instance:test.AllTests@3b9d15c4]" name="goToDraftsTest" duration-ms="303" started-at="2017-09-05T10:16:16Z" depends-on-methods="test.AllTests.saveDraftTest" finished-at="2017-09-05T10:16:17Z">
          <reporter-output>
          </reporter-output>
        </test-method> <!-- goToDraftsTest -->
        <test-method status="PASS" signature="checkDraftTest()[pri:0, instance:test.AllTests@3b9d15c4]" name="checkDraftTest" duration-ms="1267" started-at="2017-09-05T10:16:17Z" depends-on-methods="test.AllTests.goToDraftsTest" finished-at="2017-09-05T10:16:18Z">
          <reporter-output>
          </reporter-output>
        </test-method> <!-- checkDraftTest -->
        <test-method status="PASS" signature="sendMessageTest()[pri:0, instance:test.AllTests@3b9d15c4]" name="sendMessageTest" duration-ms="150" started-at="2017-09-05T10:16:18Z" depends-on-methods="test.AllTests.checkDraftTest" finished-at="2017-09-05T10:16:18Z">
          <reporter-output>
          </reporter-output>
        </test-method> <!-- sendMessageTest -->
        <test-method status="FAIL" signature="checkMessageIsSent()[pri:0, instance:test.AllTests@3b9d15c4]" name="checkMessageIsSent" duration-ms="11123" started-at="2017-09-05T10:16:18Z" depends-on-methods="test.AllTests.sendMessageTest" finished-at="2017-09-05T10:16:29Z">
          <exception class="org.openqa.selenium.NoSuchElementException">
            <message>
              <![CDATA[no such element: Unable to locate element: {"method":"class name","selector":"b-datalist__empty__icon_drafts"}
  (Session info: chrome=60.0.3112.113)
  (Driver info: chromedriver=2.31.488763 (092de99f48a300323ecf8c2a4e2e7cab51de5ba8),platform=Windows NT 10.0.10586 x86_64) (WARNING: The server did not provide any stacktrace information)
Command duration or timeout: 10.05 seconds
For documentation on this error, please visit: http://seleniumhq.org/exceptions/no_such_element.html
Build info: version: '3.4.0', revision: 'unknown', time: 'unknown'
System info: host: 'EPRUIZHW0328', ip: '10.0.75.1', os.name: 'Windows 10', os.arch: 'amd64', os.version: '10.0', java.version: '1.8.0_101'
Driver info: org.openqa.selenium.chrome.ChromeDriver
Capabilities [{applicationCacheEnabled=false, rotatable=false, mobileEmulationEnabled=false, networkConnectionEnabled=false, chrome={chromedriverVersion=2.31.488763 (092de99f48a300323ecf8c2a4e2e7cab51de5ba8), userDataDir=C:\Users\EKATER~1\AppData\Local\Temp\scoped_dir6680_9590}, takesHeapSnapshot=true, pageLoadStrategy=normal, databaseEnabled=false, handlesAlerts=true, hasTouchScreen=false, version=60.0.3112.113, platform=XP, browserConnectionEnabled=false, nativeEvents=true, acceptSslCerts=true, locationContextEnabled=true, webStorageEnabled=true, browserName=chrome, takesScreenshot=true, javascriptEnabled=true, cssSelectorsEnabled=true, setWindowRect=true, unexpectedAlertBehaviour=}]
Session ID: a9bc3b54bc7bd963131623f9d13dcf93
*** Element info: {Using=class name, value=b-datalist__empty__icon_drafts}
Command duration or timeout: 10.41 seconds]]>
            </message>
            <full-stacktrace>
              <![CDATA[org.openqa.selenium.NoSuchElementException: no such element: Unable to locate element: {"method":"class name","selector":"b-datalist__empty__icon_drafts"}
  (Session info: chrome=60.0.3112.113)
  (Driver info: chromedriver=2.31.488763 (092de99f48a300323ecf8c2a4e2e7cab51de5ba8),platform=Windows NT 10.0.10586 x86_64) (WARNING: The server did not provide any stacktrace information)
Command duration or timeout: 10.05 seconds
For documentation on this error, please visit: http://seleniumhq.org/exceptions/no_such_element.html
Build info: version: '3.4.0', revision: 'unknown', time: 'unknown'
System info: host: 'EPRUIZHW0328', ip: '10.0.75.1', os.name: 'Windows 10', os.arch: 'amd64', os.version: '10.0', java.version: '1.8.0_101'
Driver info: org.openqa.selenium.chrome.ChromeDriver
Capabilities [{applicationCacheEnabled=false, rotatable=false, mobileEmulationEnabled=false, networkConnectionEnabled=false, chrome={chromedriverVersion=2.31.488763 (092de99f48a300323ecf8c2a4e2e7cab51de5ba8), userDataDir=C:\Users\EKATER~1\AppData\Local\Temp\scoped_dir6680_9590}, takesHeapSnapshot=true, pageLoadStrategy=normal, databaseEnabled=false, handlesAlerts=true, hasTouchScreen=false, version=60.0.3112.113, platform=XP, browserConnectionEnabled=false, nativeEvents=true, acceptSslCerts=true, locationContextEnabled=true, webStorageEnabled=true, browserName=chrome, takesScreenshot=true, javascriptEnabled=true, cssSelectorsEnabled=true, setWindowRect=true, unexpectedAlertBehaviour=}]
Session ID: a9bc3b54bc7bd963131623f9d13dcf93
*** Element info: {Using=class name, value=b-datalist__empty__icon_drafts}
Command duration or timeout: 10.41 seconds
	at sun.reflect.NativeConstructorAccessorImpl.newInstance0(Native Method)
	at sun.reflect.NativeConstructorAccessorImpl.newInstance(NativeConstructorAccessorImpl.java:62)
	at sun.reflect.DelegatingConstructorAccessorImpl.newInstance(DelegatingConstructorAccessorImpl.java:45)
	at java.lang.reflect.Constructor.newInstance(Constructor.java:423)
	at org.openqa.selenium.remote.ErrorHandler.createThrowable(ErrorHandler.java:215)
	at org.openqa.selenium.remote.ErrorHandler.throwIfResponseFailed(ErrorHandler.java:167)
	at org.openqa.selenium.remote.RemoteWebDriver.execute(RemoteWebDriver.java:671)
	at org.openqa.selenium.remote.RemoteWebDriver.findElement(RemoteWebDriver.java:410)
	at org.openqa.selenium.remote.RemoteWebDriver.findElementByClassName(RemoteWebDriver.java:493)
	at org.openqa.selenium.By$ByClassName.findElement(By.java:391)
	at org.openqa.selenium.remote.RemoteWebDriver.findElement(RemoteWebDriver.java:402)
	at org.openqa.selenium.support.pagefactory.DefaultElementLocator.findElement(DefaultElementLocator.java:69)
	at org.openqa.selenium.support.pagefactory.internal.LocatingElementHandler.invoke(LocatingElementHandler.java:38)
	at com.sun.proxy.$Proxy32.isDisplayed(Unknown Source)
	at ui.pageobjects.DraftsPage.isEmptyDraftsIconPresented(DraftsPage.java:38)
	at test.AllTests.checkMessageIsSent(AllTests.java:87)
	at sun.reflect.NativeMethodAccessorImpl.invoke0(Native Method)
	at sun.reflect.NativeMethodAccessorImpl.invoke(NativeMethodAccessorImpl.java:62)
	at sun.reflect.DelegatingMethodAccessorImpl.invoke(DelegatingMethodAccessorImpl.java:43)
	at java.lang.reflect.Method.invoke(Method.java:498)
	at org.testng.internal.MethodInvocationHelper.invokeMethod(MethodInvocationHelper.java:108)
	at org.testng.internal.Invoker.invokeMethod(Invoker.java:661)
	at org.testng.internal.Invoker.invokeTestMethod(Invoker.java:869)
	at org.testng.internal.Invoker.invokeTestMethods(Invoker.java:1193)
	at org.testng.internal.TestMethodWorker.invokeTestMethods(TestMethodWorker.java:126)
	at org.testng.internal.TestMethodWorker.run(TestMethodWorker.java:109)
	at org.testng.TestRunner.privateRun(TestRunner.java:744)
	at org.testng.TestRunner.run(TestRunner.java:602)
	at org.testng.SuiteRunner.runTest(SuiteRunner.java:380)
	at org.testng.SuiteRunner.runSequentially(SuiteRunner.java:375)
	at org.testng.SuiteRunner.privateRun(SuiteRunner.java:340)
	at org.testng.SuiteRunner.run(SuiteRunner.java:289)
	at org.testng.SuiteRunnerWorker.runSuite(SuiteRunnerWorker.java:52)
	at org.testng.SuiteRunnerWorker.run(SuiteRunnerWorker.java:86)
	at org.testng.TestNG.runSuitesSequentially(TestNG.java:1301)
	at org.testng.TestNG.runSuitesLocally(TestNG.java:1226)
	at org.testng.TestNG.runSuites(TestNG.java:1144)
	at org.testng.TestNG.run(TestNG.java:1115)
	at runner.Runner.run(Runner.java:54)
	at runner.Runner.main(Runner.java:26)
	at sun.reflect.NativeMethodAccessorImpl.invoke0(Native Method)
	at sun.reflect.NativeMethodAccessorImpl.invoke(NativeMethodAccessorImpl.java:62)
	at sun.reflect.DelegatingMethodAccessorImpl.invoke(DelegatingMethodAccessorImpl.java:43)
	at java.lang.reflect.Method.invoke(Method.java:498)
	at org.codehaus.mojo.exec.ExecJavaMojo$1.run(ExecJavaMojo.java:297)
	at java.lang.Thread.run(Thread.java:745)
Caused by: org.openqa.selenium.remote.ScreenshotException: Screen shot has been taken
	at org.openqa.selenium.remote.ErrorHandler.throwIfResponseFailed(ErrorHandler.java:141)
	... 40 more
Caused by: org.openqa.selenium.NoSuchElementException: no such element: Unable to locate element: {"method":"class name","selector":"b-datalist__empty__icon_drafts"}
  (Session info: chrome=60.0.3112.113)
  (Driver info: chromedriver=2.31.488763 (092de99f48a300323ecf8c2a4e2e7cab51de5ba8),platform=Windows NT 10.0.10586 x86_64) (WARNING: The server did not provide any stacktrace information)
Command duration or timeout: 10.05 seconds
For documentation on this error, please visit: http://seleniumhq.org/exceptions/no_such_element.html
Build info: version: '3.4.0', revision: 'unknown', time: 'unknown'
System info: host: 'EPRUIZHW0328', ip: '10.0.75.1', os.name: 'Windows 10', os.arch: 'amd64', os.version: '10.0', java.version: '1.8.0_101'
Driver info: org.openqa.selenium.chrome.ChromeDriver
Capabilities [{applicationCacheEnabled=false, rotatable=false, mobileEmulationEnabled=false, networkConnectionEnabled=false, chrome={chromedriverVersion=2.31.488763 (092de99f48a300323ecf8c2a4e2e7cab51de5ba8), userDataDir=C:\Users\EKATER~1\AppData\Local\Temp\scoped_dir6680_9590}, takesHeapSnapshot=true, pageLoadStrategy=normal, databaseEnabled=false, handlesAlerts=true, hasTouchScreen=false, version=60.0.3112.113, platform=XP, browserConnectionEnabled=false, nativeEvents=true, acceptSslCerts=true, locationContextEnabled=true, webStorageEnabled=true, browserName=chrome, takesScreenshot=true, javascriptEnabled=true, cssSelectorsEnabled=true, setWindowRect=true, unexpectedAlertBehaviour=}]
Session ID: a9bc3b54bc7bd963131623f9d13dcf93
*** Element info: {Using=class name, value=b-datalist__empty__icon_drafts}
For documentation on this error, please visit: http://seleniumhq.org/exceptions/no_such_element.html
Build info: version: '3.4.0', revision: 'unknown', time: 'unknown'
System info: host: 'EPRUIZHW0328', ip: '10.0.75.1', os.name: 'Windows 10', os.arch: 'amd64', os.version: '10.0', java.version: '1.8.0_101'
Driver info: driver.version: EventFiringWebDriver
	at sun.reflect.NativeConstructorAccessorImpl.newInstance0(Native Method)
	at sun.reflect.NativeConstructorAccessorImpl.newInstance(Unknown Source)
	at sun.reflect.DelegatingConstructorAccessorImpl.newInstance(Unknown Source)
	at java.lang.reflect.Constructor.newInstance(Unknown Source)
	at org.openqa.selenium.remote.ErrorHandler.createThrowable(ErrorHandler.java:215)
	at org.openqa.selenium.remote.ErrorHandler.throwIfResponseFailed(ErrorHandler.java:167)
	at org.openqa.selenium.remote.RemoteWebDriver.execute(RemoteWebDriver.java:671)
	at org.openqa.selenium.remote.RemoteWebDriver.findElement(RemoteWebDriver.java:410)
	at org.openqa.selenium.remote.RemoteWebDriver.findElementByClassName(RemoteWebDriver.java:493)
	at org.openqa.selenium.By$ByClassName.findElement(By.java:391)
	at org.openqa.selenium.remote.RemoteWebDriver.findElement(RemoteWebDriver.java:402)
	at sun.reflect.GeneratedMethodAccessor9.invoke(Unknown Source)
	at sun.reflect.DelegatingMethodAccessorImpl.invoke(Unknown Source)
	at java.lang.reflect.Method.invoke(Unknown Source)
	at org.openqa.selenium.support.events.EventFiringWebDriver$2.invoke(EventFiringWebDriver.java:104)
	at com.sun.proxy.$Proxy6.findElement(Unknown Source)
	at org.openqa.selenium.support.events.EventFiringWebDriver.findElement(EventFiringWebDriver.java:188)
	at org.openqa.selenium.remote.server.handler.FindElement.call(FindElement.java:48)
	at org.openqa.selenium.remote.server.handler.FindElement.call(FindElement.java:33)
	at java.util.concurrent.FutureTask.run(Unknown Source)
	at org.openqa.selenium.remote.server.DefaultSession$1.run(DefaultSession.java:176)
	at java.util.concurrent.ThreadPoolExecutor.runWorker(Unknown Source)
	at java.util.concurrent.ThreadPoolExecutor$Worker.run(Unknown Source)
	at java.lang.Thread.run(Unknown Source)
]]>
            </full-stacktrace>
          </exception> <!-- org.openqa.selenium.NoSuchElementException -->
          <reporter-output>
            <line>
              <![CDATA[INFO  ScreenShot - <a href='screenshots/screenshot2678802976009992537.png'>See screenshot</a><br>]]>
            </line>
            <line>
              <![CDATA[INFO  ScreenShot - <a href='screenshots/screenshot1696348108968681332.png'>See screenshot</a><br>]]>
            </line>
          </reporter-output>
        </test-method> <!-- checkMessageIsSent -->
        <test-method status="PASS" signature="closeBrowser()[pri:0, instance:test.AllTests@3b9d15c4]" name="closeBrowser" is-config="true" duration-ms="5247" started-at="2017-09-05T10:16:30Z" finished-at="2017-09-05T10:16:35Z">
          <reporter-output>
          </reporter-output>
        </test-method> <!-- closeBrowser -->
        <test-method status="SKIP" signature="checkSentPage()[pri:0, instance:test.AllTests@3b9d15c4]" name="checkSentPage" duration-ms="0" started-at="2017-09-05T10:16:30Z" depends-on-methods="test.AllTests.checkMessageIsSent" finished-at="2017-09-05T10:16:30Z">
          <exception class="java.lang.Throwable">
            <message>
              <![CDATA[Method AllTests.checkSentPage()[pri:0, instance:test.AllTests@3b9d15c4] depends on not successfully finished methods]]>
            </message>
            <full-stacktrace>
              <![CDATA[java.lang.Throwable: Method AllTests.checkSentPage()[pri:0, instance:test.AllTests@3b9d15c4] depends on not successfully finished methods
	at org.testng.internal.Invoker.invokeTestMethods(Invoker.java:1084)
	at org.testng.internal.TestMethodWorker.invokeTestMethods(TestMethodWorker.java:126)
	at org.testng.internal.TestMethodWorker.run(TestMethodWorker.java:109)
	at org.testng.TestRunner.privateRun(TestRunner.java:744)
	at org.testng.TestRunner.run(TestRunner.java:602)
	at org.testng.SuiteRunner.runTest(SuiteRunner.java:380)
	at org.testng.SuiteRunner.runSequentially(SuiteRunner.java:375)
	at org.testng.SuiteRunner.privateRun(SuiteRunner.java:340)
	at org.testng.SuiteRunner.run(SuiteRunner.java:289)
	at org.testng.SuiteRunnerWorker.runSuite(SuiteRunnerWorker.java:52)
	at org.testng.SuiteRunnerWorker.run(SuiteRunnerWorker.java:86)
	at org.testng.TestNG.runSuitesSequentially(TestNG.java:1301)
	at org.testng.TestNG.runSuitesLocally(TestNG.java:1226)
	at org.testng.TestNG.runSuites(TestNG.java:1144)
	at org.testng.TestNG.run(TestNG.java:1115)
	at runner.Runner.run(Runner.java:54)
	at runner.Runner.main(Runner.java:26)
	at sun.reflect.NativeMethodAccessorImpl.invoke0(Native Method)
	at sun.reflect.NativeMethodAccessorImpl.invoke(NativeMethodAccessorImpl.java:62)
	at sun.reflect.DelegatingMethodAccessorImpl.invoke(DelegatingMethodAccessorImpl.java:43)
	at java.lang.reflect.Method.invoke(Method.java:498)
	at org.codehaus.mojo.exec.ExecJavaMojo$1.run(ExecJavaMojo.java:297)
	at java.lang.Thread.run(Thread.java:745)
]]>
            </full-stacktrace>
          </exception> <!-- java.lang.Throwable -->
          <reporter-output>
          </reporter-output>
        </test-method> <!-- checkSentPage -->
        <test-method status="SKIP" signature="logoutTest()[pri:0, instance:test.AllTests@3b9d15c4]" name="logoutTest" duration-ms="0" started-at="2017-09-05T10:16:30Z" depends-on-methods="test.AllTests.checkSentPage" finished-at="2017-09-05T10:16:30Z">
          <exception class="java.lang.Throwable">
            <message>
              <![CDATA[Method AllTests.logoutTest()[pri:0, instance:test.AllTests@3b9d15c4] depends on not successfully finished methods]]>
            </message>
            <full-stacktrace>
              <![CDATA[java.lang.Throwable: Method AllTests.logoutTest()[pri:0, instance:test.AllTests@3b9d15c4] depends on not successfully finished methods
	at org.testng.internal.Invoker.invokeTestMethods(Invoker.java:1084)
	at org.testng.internal.TestMethodWorker.invokeTestMethods(TestMethodWorker.java:126)
	at org.testng.internal.TestMethodWorker.run(TestMethodWorker.java:109)
	at org.testng.TestRunner.privateRun(TestRunner.java:744)
	at org.testng.TestRunner.run(TestRunner.java:602)
	at org.testng.SuiteRunner.runTest(SuiteRunner.java:380)
	at org.testng.SuiteRunner.runSequentially(SuiteRunner.java:375)
	at org.testng.SuiteRunner.privateRun(SuiteRunner.java:340)
	at org.testng.SuiteRunner.run(SuiteRunner.java:289)
	at org.testng.SuiteRunnerWorker.runSuite(SuiteRunnerWorker.java:52)
	at org.testng.SuiteRunnerWorker.run(SuiteRunnerWorker.java:86)
	at org.testng.TestNG.runSuitesSequentially(TestNG.java:1301)
	at org.testng.TestNG.runSuitesLocally(TestNG.java:1226)
	at org.testng.TestNG.runSuites(TestNG.java:1144)
	at org.testng.TestNG.run(TestNG.java:1115)
	at runner.Runner.run(Runner.java:54)
	at runner.Runner.main(Runner.java:26)
	at sun.reflect.NativeMethodAccessorImpl.invoke0(Native Method)
	at sun.reflect.NativeMethodAccessorImpl.invoke(NativeMethodAccessorImpl.java:62)
	at sun.reflect.DelegatingMethodAccessorImpl.invoke(DelegatingMethodAccessorImpl.java:43)
	at java.lang.reflect.Method.invoke(Method.java:498)
	at org.codehaus.mojo.exec.ExecJavaMojo$1.run(ExecJavaMojo.java:297)
	at java.lang.Thread.run(Thread.java:745)
]]>
            </full-stacktrace>
          </exception> <!-- java.lang.Throwable -->
          <reporter-output>
          </reporter-output>
        </test-method> <!-- logoutTest -->
      </class> <!-- test.AllTests -->
    </test> <!-- test -->
  </suite> <!-- test suite -->
</testng-results>
